INFO:root:<tr><td class="sb" colspan="6">Film Cameras</td></tr>
INFO:root:<tr><td class="sb" colspan="6">Video Cameras</td></tr>
INFO:root:<tr><td class="sb" colspan="6">Lenses</td></tr>
INFO:root:<tr><td class="sb" colspan="6">Other</td></tr>
INFO:root:<tr><td class="sb" colspan="6">Other</td></tr>
INFO:root:<tr><td class="sb" colspan="6">Film Cameras</td></tr>
INFO:root:<tr><td class="sb" colspan="6">Lenses</td></tr>
INFO:root:<tr><td class="sb" colspan="6">Film</td></tr>
INFO:root:<tr><td class="sb" colspan="6">Other</td></tr>
INFO:root:<tr><td class="sb" colspan="6">Film Cameras</td></tr>
INFO:root:<tr><td class="sb" colspan="6">Video Cameras</td></tr>
INFO:root:<tr><td class="sb" colspan="6">Lenses</td></tr>
INFO:root:<tr><td class="sb" colspan="6">Film</td></tr>
INFO:root:<tr><td class="sb" colspan="6">Digital Back</td></tr>
INFO:root:<tr><td class="sb" colspan="6">Other</td></tr>
INFO:root:<tr><td class="sb" colspan="6">Film Cameras</td></tr>
INFO:root:<tr><td class="sb" colspan="6">Lenses</td></tr>
INFO:root:<tr><td class="sb" colspan="6">Other</td></tr>
INFO:root:<tr><td class="sb" colspan="6">Film Cameras</td></tr>
INFO:root:<tr><td class="sb" colspan="6">Lenses</td></tr>
INFO:root:<tr><td class="sb" colspan="6">Film</td></tr>
INFO:root:<tr><td class="sb" colspan="6">Film Cameras</td></tr>
INFO:root:<tr><td class="sb" colspan="6">Video Cameras</td></tr>
INFO:root:<tr><td class="sb" colspan="6">Lenses</td></tr>
INFO:root:<tr><td class="sb" colspan="6">Other</td></tr>
INFO:root:<tr><td class="sb" colspan="6">Film Cameras</td></tr>
INFO:root:<tr><td class="sb" colspan="6">Lenses</td></tr>
INFO:root:<tr><td class="sb" colspan="6">Video Cameras</td></tr>
INFO:root:<tr><td class="sb" colspan="6">Lenses</td></tr>
INFO:root:<tr><td class="sb" colspan="6">Other</td></tr>
INFO:root:<tr><td class="sb" colspan="6">Film Cameras</td></tr>
INFO:root:<tr><td class="sb" colspan="6">Lenses</td></tr>
INFO:root:<tr><td class="sb" colspan="6">Other</td></tr>
INFO:root:<tr><td class="sb" colspan="6">Film Cameras</td></tr>
INFO:root:<tr><td class="sb" colspan="6">Lenses</td></tr>
INFO:root:<tr><td class="sb" colspan="6">Film Cameras</td></tr>
INFO:root:<tr><td class="sb" colspan="6">Video Cameras</td></tr>
INFO:root:<tr><td class="sb" colspan="6">Lenses</td></tr>
INFO:root:<tr><td class="sb" colspan="6">Other</td></tr>
INFO:root:<tr><td class="sb" colspan="6">Other</td></tr>
INFO:root:<tr><td class="sb" colspan="6">Film Cameras</td></tr>
INFO:root:<tr><td class="sb" colspan="6">Lenses</td></tr>
INFO:root:<tr><td class="sb" colspan="6">Video Cameras</td></tr>
INFO:root:<tr><td class="sb" colspan="6">Lenses</td></tr>
INFO:root:<tr><td class="sb" colspan="6">Other</td></tr>
INFO:root:<tr><td class="sb" colspan="6">Lenses</td></tr>
INFO:root:<tr><td class="sb" colspan="6">Film Cameras</td></tr>
INFO:root:<tr><td class="sb" colspan="6">Lenses</td></tr>
INFO:root:<tr><td class="sb" colspan="6">Film Cameras</td></tr>
INFO:root:<tr><td class="sb" colspan="6">Lenses</td></tr>
INFO:root:<tr><td class="sb" colspan="6">Digital Back</td></tr>
INFO:root:<tr><td class="sb" colspan="6">Other</td></tr>
INFO:root:<tr><td class="sb" colspan="6">Film Cameras</td></tr>
